<?xml version="1.0" encoding="UTF-8"?>
<testng-results skipped="0" failed="1" total="2" passed="1">
  <reporter-output>
  </reporter-output>
  <suite name="Suite" duration-ms="280921" started-at="2020-03-15T23:44:44Z" finished-at="2020-03-15T23:49:25Z">
    <groups>
    </groups>
    <test name="com.FirstTest" duration-ms="141169" started-at="2020-03-15T23:44:44Z" finished-at="2020-03-15T23:47:06Z">
      <class name="com.FirstTest">
        <test-method status="PASS" signature="setupTest(java.lang.String)[pri:0, instance:com.FirstTest@2133c8f8]" name="setupTest" is-config="true" duration-ms="1948" started-at="2020-03-15T23:44:44Z" finished-at="2020-03-15T23:44:46Z">
          <params>
            <param index="0">
              <value>
                <![CDATA[chrome]]>
              </value>
            </param>
          </params>
        </test-method>
        <test-method status="FAIL" signature="GOOGLE0()[pri:0, instance:com.FirstTest@2133c8f8]" name="GOOGLE0" duration-ms="139047" started-at="2020-03-15T23:44:46Z" finished-at="2020-03-15T23:47:05Z">
          <exception class="java.lang.AssertionError">
            <message>
              <![CDATA[expected:<Dashboard> but was:<>]]>
            </message>
            <full-stacktrace>
              <![CDATA[java.lang.AssertionError: expected:<Dashboard> but was:<>
	at org.testng.Assert.fail(Assert.java:89)
	at org.testng.Assert.failNotEquals(Assert.java:489)
	at org.testng.Assert.assertEquals(Assert.java:118)
	at org.testng.Assert.assertEquals(Assert.java:171)
	at org.testng.Assert.assertEquals(Assert.java:181)
	at com.FirstTest.GOOGLE0(FirstTest.java:33)
	at sun.reflect.NativeMethodAccessorImpl.invoke0(Native Method)
	at sun.reflect.NativeMethodAccessorImpl.invoke(NativeMethodAccessorImpl.java:62)
	at sun.reflect.DelegatingMethodAccessorImpl.invoke(DelegatingMethodAccessorImpl.java:43)
	at java.lang.reflect.Method.invoke(Method.java:498)
	at org.testng.internal.MethodInvocationHelper.invokeMethod(MethodInvocationHelper.java:80)
	at org.testng.internal.Invoker.invokeMethod(Invoker.java:691)
	at org.testng.internal.Invoker.invokeTestMethod(Invoker.java:883)
	at org.testng.internal.Invoker.invokeTestMethods(Invoker.java:1208)
	at org.testng.internal.TestMethodWorker.invokeTestMethods(TestMethodWorker.java:127)
	at org.testng.internal.TestMethodWorker.run(TestMethodWorker.java:111)
	at java.util.concurrent.ThreadPoolExecutor.runWorker(ThreadPoolExecutor.java:1149)
	at java.util.concurrent.ThreadPoolExecutor$Worker.run(ThreadPoolExecutor.java:624)
	at java.lang.Thread.run(Thread.java:748)
]]>
            </full-stacktrace>
          </exception>
        </test-method>
        <test-method status="PASS" signature="tearDown()[pri:0, instance:com.FirstTest@2133c8f8]" name="tearDown" is-config="true" duration-ms="160" started-at="2020-03-15T23:47:05Z" finished-at="2020-03-15T23:47:06Z">
        </test-method>
      </class>
    </test>
    <test name="com.SecondTest" duration-ms="280921" started-at="2020-03-15T23:44:44Z" finished-at="2020-03-15T23:49:25Z">
      <class name="com.FirstTest">
        <test-method status="PASS" signature="setupTest(java.lang.String)[pri:0, instance:com.FirstTest@30c7da1e]" name="setupTest" is-config="true" duration-ms="2981" started-at="2020-03-15T23:44:44Z" finished-at="2020-03-15T23:44:47Z">
          <params>
            <param index="0">
              <value>
                <![CDATA[chrome]]>
              </value>
            </param>
          </params>
        </test-method>
        <test-method status="PASS" signature="GOOGLE0()[pri:0, instance:com.FirstTest@30c7da1e]" name="GOOGLE0" duration-ms="277756" started-at="2020-03-15T23:44:47Z" finished-at="2020-03-15T23:49:25Z">
        </test-method>
        <test-method status="PASS" signature="tearDown()[pri:0, instance:com.FirstTest@30c7da1e]" name="tearDown" is-config="true" duration-ms="171" started-at="2020-03-15T23:49:25Z" finished-at="2020-03-15T23:49:25Z">
        </test-method>
      </class>
    </test>
  </suite>
</testng-results>
